[debug] [2022-09-06T22:35:23.363Z] ----------------------------------------------------------------------
[debug] [2022-09-06T22:35:23.365Z] Command:       C:\Program Files\nodejs\node.exe C:\Users\User1\AppData\Roaming\npm\node_modules\firebase-tools\lib\bin\firebase.js deploy
[debug] [2022-09-06T22:35:23.366Z] CLI Version:   11.8.0
[debug] [2022-09-06T22:35:23.366Z] Platform:      win32
[debug] [2022-09-06T22:35:23.366Z] Node Version:  v18.8.0
[debug] [2022-09-06T22:35:23.366Z] Time:          Tue Sep 06 2022 16:35:23 GMT-0600 (GMT-06:00)
[debug] [2022-09-06T22:35:23.367Z] ----------------------------------------------------------------------
[debug] 
[debug] [2022-09-06T22:35:23.422Z] > command requires scopes: ["email","openid","https://www.googleapis.com/auth/cloudplatformprojects.readonly","https://www.googleapis.com/auth/firebase","https://www.googleapis.com/auth/cloud-platform"]
[debug] [2022-09-06T22:35:23.423Z] > authorizing via signed-in user (raphael.quinton90@gmail.com)
[debug] [2022-09-06T22:35:23.423Z] [iam] checking project omegaswiftgaming for permissions ["firebase.projects.get","firebasehosting.sites.update"]
[debug] [2022-09-06T22:35:23.424Z] > refreshing access token with scopes: []
[debug] [2022-09-06T22:35:23.426Z] >>> [apiv2][query] POST https://www.googleapis.com/oauth2/v3/token [none]
[debug] [2022-09-06T22:35:23.426Z] >>> [apiv2][body] POST https://www.googleapis.com/oauth2/v3/token [omitted]
[debug] [2022-09-06T22:35:24.410Z] <<< [apiv2][status] POST https://www.googleapis.com/oauth2/v3/token 200
[debug] [2022-09-06T22:35:24.410Z] <<< [apiv2][body] POST https://www.googleapis.com/oauth2/v3/token [omitted]
[debug] [2022-09-06T22:35:24.418Z] >>> [apiv2][query] POST https://cloudresourcemanager.googleapis.com/v1/projects/omegaswiftgaming:testIamPermissions [none]
[debug] [2022-09-06T22:35:24.418Z] >>> [apiv2][(partial)header] POST https://cloudresourcemanager.googleapis.com/v1/projects/omegaswiftgaming:testIamPermissions x-goog-quota-user=projects/omegaswiftgaming
[debug] [2022-09-06T22:35:24.418Z] >>> [apiv2][body] POST https://cloudresourcemanager.googleapis.com/v1/projects/omegaswiftgaming:testIamPermissions {"permissions":["firebase.projects.get","firebasehosting.sites.update"]}
[debug] [2022-09-06T22:35:25.719Z] <<< [apiv2][status] POST https://cloudresourcemanager.googleapis.com/v1/projects/omegaswiftgaming:testIamPermissions 200
[debug] [2022-09-06T22:35:25.719Z] <<< [apiv2][body] POST https://cloudresourcemanager.googleapis.com/v1/projects/omegaswiftgaming:testIamPermissions {"permissions":["firebase.projects.get","firebasehosting.sites.update"]}
[debug] [2022-09-06T22:35:25.722Z] >>> [apiv2][query] GET https://firebase.googleapis.com/v1beta1/projects/omegaswiftgaming [none]
[debug] [2022-09-06T22:35:27.320Z] <<< [apiv2][status] GET https://firebase.googleapis.com/v1beta1/projects/omegaswiftgaming 200
[debug] [2022-09-06T22:35:27.320Z] <<< [apiv2][body] GET https://firebase.googleapis.com/v1beta1/projects/omegaswiftgaming {"projectId":"omegaswiftgaming","projectNumber":"424964157111","displayName":"OmegaSwiftGaming","name":"projects/omegaswiftgaming","resources":{"hostingSite":"omegaswiftgaming"},"state":"ACTIVE","etag":"1_ab602e4f-4480-42ae-9fa5-2ac2d44c066f"}
[info] 
[info] === Deploying to 'omegaswiftgaming'...
[info] 
[info] i  deploying hosting 
[debug] [2022-09-06T22:35:27.322Z] >>> [apiv2][query] GET https://firebase.googleapis.com/v1beta1/projects/omegaswiftgaming [none]
[debug] [2022-09-06T22:35:28.242Z] <<< [apiv2][status] GET https://firebase.googleapis.com/v1beta1/projects/omegaswiftgaming 200
[debug] [2022-09-06T22:35:28.243Z] <<< [apiv2][body] GET https://firebase.googleapis.com/v1beta1/projects/omegaswiftgaming {"projectId":"omegaswiftgaming","projectNumber":"424964157111","displayName":"OmegaSwiftGaming","name":"projects/omegaswiftgaming","resources":{"hostingSite":"omegaswiftgaming"},"state":"ACTIVE","etag":"1_ab602e4f-4480-42ae-9fa5-2ac2d44c066f"}
[debug] [2022-09-06T22:35:28.247Z] >>> [apiv2][query] POST https://firebasehosting.googleapis.com/v1beta1/projects/424964157111/sites/omegaswiftgaming/versions [none]
[debug] [2022-09-06T22:35:28.247Z] >>> [apiv2][body] POST https://firebasehosting.googleapis.com/v1beta1/projects/424964157111/sites/omegaswiftgaming/versions {"config":{"rewrites":[{"glob":"**","path":"/index.html"}]},"labels":{"deployment-tool":"cli-firebase"}}
[debug] [2022-09-06T22:35:30.219Z] <<< [apiv2][status] POST https://firebasehosting.googleapis.com/v1beta1/projects/424964157111/sites/omegaswiftgaming/versions 200
[debug] [2022-09-06T22:35:30.219Z] <<< [apiv2][body] POST https://firebasehosting.googleapis.com/v1beta1/projects/424964157111/sites/omegaswiftgaming/versions {"name":"projects/424964157111/sites/omegaswiftgaming/versions/133b307f44e709c3","status":"CREATED","config":{"rewrites":[{"glob":"**","path":"/index.html"}]},"labels":{"deployment-tool":"cli-firebase"}}
[info] i  hosting[omegaswiftgaming]: beginning deploy... 
[info] i  hosting[omegaswiftgaming]: found 7 files in public 
[debug] [2022-09-06T22:35:30.226Z] [hosting] uploading with 200 concurrency
[debug] [2022-09-06T22:35:30.227Z] [hosting] hash cache [cHVibGlj] not populated
[debug] [2022-09-06T22:35:30.235Z] [hosting] hash cache [cHVibGlj] stored for 7 files
[debug] [2022-09-06T22:35:30.236Z] [hosting][hash queue][FINAL] {"max":5,"min":4,"avg":4.428571428571429,"active":0,"complete":7,"success":7,"errored":0,"retried":0,"total":7,"elapsed":8}
[debug] [2022-09-06T22:35:30.236Z] >>> [apiv2][query] POST https://firebasehosting.googleapis.com/v1beta1/projects/424964157111/sites/omegaswiftgaming/versions/133b307f44e709c3:populateFiles [none]
[debug] [2022-09-06T22:35:30.236Z] >>> [apiv2][body] POST https://firebasehosting.googleapis.com/v1beta1/projects/424964157111/sites/omegaswiftgaming/versions/133b307f44e709c3:populateFiles {"files":{"/404.html":"daa499dd96d8229e73235345702ba32f0793f0c8e5c0d30e40e37a5872be57aa","/favicon.ico":"eae62e993eb980ec8a25058c39d5a51feab118bd2100c4deebb2a9c158ec11f9","/logo192.png":"3ee59515172ee198f3be375979df15ac5345183e656720a381b8872b2a39dc8b","/manifest.json":"aff3449bdc238776f5d6d967f19ec491b36aed5fb7f23ccff6500736fd58494a","/index.html":"7d6e05dd29a1e32f8ca11bc15a9d7bea64cd38ca64c1284a1393fec4a76927f9","/robots.txt":"bfe106a3fb878dc83461c86818bf74fc1bdc7f28538ba613cd3e775516ce8b49","/logo512.png":"ee7e2f3fdb8209c4b6fd7bef6ba50d1b9dba30a25bb5c3126df057e1cb6f5331"}}
[debug] [2022-09-06T22:35:31.426Z] <<< [apiv2][status] POST https://firebasehosting.googleapis.com/v1beta1/projects/424964157111/sites/omegaswiftgaming/versions/133b307f44e709c3:populateFiles 200
[debug] [2022-09-06T22:35:31.426Z] <<< [apiv2][body] POST https://firebasehosting.googleapis.com/v1beta1/projects/424964157111/sites/omegaswiftgaming/versions/133b307f44e709c3:populateFiles {"uploadRequiredHashes":["3ee59515172ee198f3be375979df15ac5345183e656720a381b8872b2a39dc8b","aff3449bdc238776f5d6d967f19ec491b36aed5fb7f23ccff6500736fd58494a","7d6e05dd29a1e32f8ca11bc15a9d7bea64cd38ca64c1284a1393fec4a76927f9","bfe106a3fb878dc83461c86818bf74fc1bdc7f28538ba613cd3e775516ce8b49","ee7e2f3fdb8209c4b6fd7bef6ba50d1b9dba30a25bb5c3126df057e1cb6f5331","daa499dd96d8229e73235345702ba32f0793f0c8e5c0d30e40e37a5872be57aa","eae62e993eb980ec8a25058c39d5a51feab118bd2100c4deebb2a9c158ec11f9"],"uploadUrl":"https://upload-firebasehosting.googleapis.com/upload/sites/omegaswiftgaming/versions/133b307f44e709c3/files"}
[debug] [2022-09-06T22:35:31.427Z] >>> [apiv2][query] POST https://upload-firebasehosting.googleapis.com/upload/sites/omegaswiftgaming/versions/133b307f44e709c3/files/3ee59515172ee198f3be375979df15ac5345183e656720a381b8872b2a39dc8b [none]
[debug] [2022-09-06T22:35:31.428Z] >>> [apiv2][body] POST https://upload-firebasehosting.googleapis.com/upload/sites/omegaswiftgaming/versions/133b307f44e709c3/files/3ee59515172ee198f3be375979df15ac5345183e656720a381b8872b2a39dc8b [stream]
[debug] [2022-09-06T22:35:31.429Z] >>> [apiv2][query] POST https://upload-firebasehosting.googleapis.com/upload/sites/omegaswiftgaming/versions/133b307f44e709c3/files/aff3449bdc238776f5d6d967f19ec491b36aed5fb7f23ccff6500736fd58494a [none]
[debug] [2022-09-06T22:35:31.429Z] >>> [apiv2][body] POST https://upload-firebasehosting.googleapis.com/upload/sites/omegaswiftgaming/versions/133b307f44e709c3/files/aff3449bdc238776f5d6d967f19ec491b36aed5fb7f23ccff6500736fd58494a [stream]
[debug] [2022-09-06T22:35:31.429Z] >>> [apiv2][query] POST https://upload-firebasehosting.googleapis.com/upload/sites/omegaswiftgaming/versions/133b307f44e709c3/files/7d6e05dd29a1e32f8ca11bc15a9d7bea64cd38ca64c1284a1393fec4a76927f9 [none]
[debug] [2022-09-06T22:35:31.429Z] >>> [apiv2][body] POST https://upload-firebasehosting.googleapis.com/upload/sites/omegaswiftgaming/versions/133b307f44e709c3/files/7d6e05dd29a1e32f8ca11bc15a9d7bea64cd38ca64c1284a1393fec4a76927f9 [stream]
[debug] [2022-09-06T22:35:31.430Z] >>> [apiv2][query] POST https://upload-firebasehosting.googleapis.com/upload/sites/omegaswiftgaming/versions/133b307f44e709c3/files/bfe106a3fb878dc83461c86818bf74fc1bdc7f28538ba613cd3e775516ce8b49 [none]
[debug] [2022-09-06T22:35:31.430Z] >>> [apiv2][body] POST https://upload-firebasehosting.googleapis.com/upload/sites/omegaswiftgaming/versions/133b307f44e709c3/files/bfe106a3fb878dc83461c86818bf74fc1bdc7f28538ba613cd3e775516ce8b49 [stream]
[debug] [2022-09-06T22:35:31.431Z] >>> [apiv2][query] POST https://upload-firebasehosting.googleapis.com/upload/sites/omegaswiftgaming/versions/133b307f44e709c3/files/ee7e2f3fdb8209c4b6fd7bef6ba50d1b9dba30a25bb5c3126df057e1cb6f5331 [none]
[debug] [2022-09-06T22:35:31.431Z] >>> [apiv2][body] POST https://upload-firebasehosting.googleapis.com/upload/sites/omegaswiftgaming/versions/133b307f44e709c3/files/ee7e2f3fdb8209c4b6fd7bef6ba50d1b9dba30a25bb5c3126df057e1cb6f5331 [stream]
[debug] [2022-09-06T22:35:31.432Z] >>> [apiv2][query] POST https://upload-firebasehosting.googleapis.com/upload/sites/omegaswiftgaming/versions/133b307f44e709c3/files/daa499dd96d8229e73235345702ba32f0793f0c8e5c0d30e40e37a5872be57aa [none]
[debug] [2022-09-06T22:35:31.432Z] >>> [apiv2][body] POST https://upload-firebasehosting.googleapis.com/upload/sites/omegaswiftgaming/versions/133b307f44e709c3/files/daa499dd96d8229e73235345702ba32f0793f0c8e5c0d30e40e37a5872be57aa [stream]
[debug] [2022-09-06T22:35:31.433Z] >>> [apiv2][query] POST https://upload-firebasehosting.googleapis.com/upload/sites/omegaswiftgaming/versions/133b307f44e709c3/files/eae62e993eb980ec8a25058c39d5a51feab118bd2100c4deebb2a9c158ec11f9 [none]
[debug] [2022-09-06T22:35:31.433Z] >>> [apiv2][body] POST https://upload-firebasehosting.googleapis.com/upload/sites/omegaswiftgaming/versions/133b307f44e709c3/files/eae62e993eb980ec8a25058c39d5a51feab118bd2100c4deebb2a9c158ec11f9 [stream]
[debug] [2022-09-06T22:35:31.434Z] [hosting][populate queue][FINAL] {"max":1193,"min":1193,"avg":1193,"active":0,"complete":1,"success":1,"errored":0,"retried":0,"total":1,"elapsed":1200}
[debug] [2022-09-06T22:35:31.435Z] [hosting] uploads queued: 7
[debug] [2022-09-06T22:35:33.055Z] <<< [apiv2][status] POST https://upload-firebasehosting.googleapis.com/upload/sites/omegaswiftgaming/versions/133b307f44e709c3/files/3ee59515172ee198f3be375979df15ac5345183e656720a381b8872b2a39dc8b 200
[debug] [2022-09-06T22:35:33.055Z] <<< [apiv2][body] POST https://upload-firebasehosting.googleapis.com/upload/sites/omegaswiftgaming/versions/133b307f44e709c3/files/3ee59515172ee198f3be375979df15ac5345183e656720a381b8872b2a39dc8b [stream]
[debug] [2022-09-06T22:35:33.062Z] <<< [apiv2][status] POST https://upload-firebasehosting.googleapis.com/upload/sites/omegaswiftgaming/versions/133b307f44e709c3/files/ee7e2f3fdb8209c4b6fd7bef6ba50d1b9dba30a25bb5c3126df057e1cb6f5331 200
[debug] [2022-09-06T22:35:33.062Z] <<< [apiv2][body] POST https://upload-firebasehosting.googleapis.com/upload/sites/omegaswiftgaming/versions/133b307f44e709c3/files/ee7e2f3fdb8209c4b6fd7bef6ba50d1b9dba30a25bb5c3126df057e1cb6f5331 [stream]
[debug] [2022-09-06T22:35:33.313Z] <<< [apiv2][status] POST https://upload-firebasehosting.googleapis.com/upload/sites/omegaswiftgaming/versions/133b307f44e709c3/files/bfe106a3fb878dc83461c86818bf74fc1bdc7f28538ba613cd3e775516ce8b49 200
[debug] [2022-09-06T22:35:33.313Z] <<< [apiv2][body] POST https://upload-firebasehosting.googleapis.com/upload/sites/omegaswiftgaming/versions/133b307f44e709c3/files/bfe106a3fb878dc83461c86818bf74fc1bdc7f28538ba613cd3e775516ce8b49 [stream]
[debug] [2022-09-06T22:35:33.320Z] <<< [apiv2][status] POST https://upload-firebasehosting.googleapis.com/upload/sites/omegaswiftgaming/versions/133b307f44e709c3/files/7d6e05dd29a1e32f8ca11bc15a9d7bea64cd38ca64c1284a1393fec4a76927f9 200
[debug] [2022-09-06T22:35:33.320Z] <<< [apiv2][body] POST https://upload-firebasehosting.googleapis.com/upload/sites/omegaswiftgaming/versions/133b307f44e709c3/files/7d6e05dd29a1e32f8ca11bc15a9d7bea64cd38ca64c1284a1393fec4a76927f9 [stream]
[debug] [2022-09-06T22:35:33.321Z] <<< [apiv2][status] POST https://upload-firebasehosting.googleapis.com/upload/sites/omegaswiftgaming/versions/133b307f44e709c3/files/daa499dd96d8229e73235345702ba32f0793f0c8e5c0d30e40e37a5872be57aa 200
[debug] [2022-09-06T22:35:33.322Z] <<< [apiv2][body] POST https://upload-firebasehosting.googleapis.com/upload/sites/omegaswiftgaming/versions/133b307f44e709c3/files/daa499dd96d8229e73235345702ba32f0793f0c8e5c0d30e40e37a5872be57aa [stream]
[debug] [2022-09-06T22:35:33.469Z] <<< [apiv2][status] POST https://upload-firebasehosting.googleapis.com/upload/sites/omegaswiftgaming/versions/133b307f44e709c3/files/eae62e993eb980ec8a25058c39d5a51feab118bd2100c4deebb2a9c158ec11f9 200
[debug] [2022-09-06T22:35:33.469Z] <<< [apiv2][body] POST https://upload-firebasehosting.googleapis.com/upload/sites/omegaswiftgaming/versions/133b307f44e709c3/files/eae62e993eb980ec8a25058c39d5a51feab118bd2100c4deebb2a9c158ec11f9 [stream]
[debug] [2022-09-06T22:35:33.536Z] <<< [apiv2][status] POST https://upload-firebasehosting.googleapis.com/upload/sites/omegaswiftgaming/versions/133b307f44e709c3/files/aff3449bdc238776f5d6d967f19ec491b36aed5fb7f23ccff6500736fd58494a 200
[debug] [2022-09-06T22:35:33.536Z] <<< [apiv2][body] POST https://upload-firebasehosting.googleapis.com/upload/sites/omegaswiftgaming/versions/133b307f44e709c3/files/aff3449bdc238776f5d6d967f19ec491b36aed5fb7f23ccff6500736fd58494a [stream]
[debug] [2022-09-06T22:35:33.536Z] [hosting][upload queue][FINAL] {"max":2110,"min":1629,"avg":1870,"active":0,"complete":7,"success":7,"errored":0,"retried":0,"total":7,"elapsed":2110}
[info] +  hosting[omegaswiftgaming]: file upload complete 
[debug] [2022-09-06T22:35:33.538Z] [hosting] deploy completed after 3318ms
[debug] [2022-09-06T22:35:33.541Z] [
  {
    "config": {
      "public": "public",
      "ignore": [
        "firebase.json",
        "**/.*",
        "**/node_modules/**"
      ],
      "rewrites": [
        {
          "source": "**",
          "destination": "/index.html"
        }
      ],
      "site": "omegaswiftgaming"
    },
    "site": "omegaswiftgaming",
    "version": "projects/424964157111/sites/omegaswiftgaming/versions/133b307f44e709c3"
  }
]
[info] i  hosting[omegaswiftgaming]: finalizing version... 
[debug] [2022-09-06T22:35:33.543Z] >>> [apiv2][query] PATCH https://firebasehosting.googleapis.com/v1beta1/projects/424964157111/sites/omegaswiftgaming/versions/133b307f44e709c3 updateMask=status%2Cconfig
[debug] [2022-09-06T22:35:33.543Z] >>> [apiv2][body] PATCH https://firebasehosting.googleapis.com/v1beta1/projects/424964157111/sites/omegaswiftgaming/versions/133b307f44e709c3 {"status":"FINALIZED","config":{"rewrites":[{"glob":"**","path":"/index.html"}]}}
[debug] [2022-09-06T22:35:34.700Z] <<< [apiv2][status] PATCH https://firebasehosting.googleapis.com/v1beta1/projects/424964157111/sites/omegaswiftgaming/versions/133b307f44e709c3 200
[debug] [2022-09-06T22:35:34.700Z] <<< [apiv2][body] PATCH https://firebasehosting.googleapis.com/v1beta1/projects/424964157111/sites/omegaswiftgaming/versions/133b307f44e709c3 {"name":"projects/424964157111/sites/omegaswiftgaming/versions/133b307f44e709c3","status":"FINALIZED","config":{"rewrites":[{"glob":"**","path":"/index.html"}]},"labels":{"deployment-tool":"cli-firebase"},"createTime":"2022-09-06T22:35:30.253317Z","createUser":{"email":"raphael.quinton90@gmail.com"},"finalizeTime":"2022-09-06T22:35:35.271936Z","finalizeUser":{"email":"raphael.quinton90@gmail.com"}}
[debug] [2022-09-06T22:35:34.700Z] [hosting] finalized version for omegaswiftgaming:[object Object]
[info] +  hosting[omegaswiftgaming]: version finalized 
[info] i  hosting[omegaswiftgaming]: releasing new version... 
[debug] [2022-09-06T22:35:34.701Z] >>> [apiv2][query] POST https://firebasehosting.googleapis.com/v1beta1/projects/424964157111/sites/omegaswiftgaming/releases versionName=projects%2F424964157111%2Fsites%2Fomegaswiftgaming%2Fversions%2F133b307f44e709c3
[debug] [2022-09-06T22:35:34.701Z] >>> [apiv2][body] POST https://firebasehosting.googleapis.com/v1beta1/projects/424964157111/sites/omegaswiftgaming/releases {"message":null}
[debug] [2022-09-06T22:35:35.852Z] <<< [apiv2][status] POST https://firebasehosting.googleapis.com/v1beta1/projects/424964157111/sites/omegaswiftgaming/releases 200
[debug] [2022-09-06T22:35:35.852Z] <<< [apiv2][body] POST https://firebasehosting.googleapis.com/v1beta1/projects/424964157111/sites/omegaswiftgaming/releases {"name":"projects/424964157111/sites/omegaswiftgaming/releases/1662503735822509","version":{"name":"projects/424964157111/sites/omegaswiftgaming/versions/133b307f44e709c3","status":"FINALIZED","config":{"rewrites":[{"glob":"**","path":"/index.html"}]},"labels":{"deployment-tool":"cli-firebase"},"createTime":"2022-09-06T22:35:30.253317Z","createUser":{"email":"raphael.quinton90@gmail.com","imageUrl":"https://lh3.googleusercontent.com/a/AItbvmm_7HsSz8lAh-MRkEejq2hsh_00lQLLXJXuJ7Xp=mo"},"finalizeTime":"2022-09-06T22:35:35.271936Z","finalizeUser":{"email":"raphael.quinton90@gmail.com","imageUrl":"https://lh3.googleusercontent.com/a/AItbvmm_7HsSz8lAh-MRkEejq2hsh_00lQLLXJXuJ7Xp=mo"}},"type":"DEPLOY","releaseTime":"2022-09-06T22:35:35.822509756Z","releaseUser":{"email":"raphael.quinton90@gmail.com","imageUrl":"https://lh3.googleusercontent.com/a/AItbvmm_7HsSz8lAh-MRkEejq2hsh_00lQLLXJXuJ7Xp=mo"}}
[debug] [2022-09-06T22:35:35.853Z] [hosting] release: {"name":"projects/424964157111/sites/omegaswiftgaming/releases/1662503735822509","version":{"name":"projects/424964157111/sites/omegaswiftgaming/versions/133b307f44e709c3","status":"FINALIZED","config":{"rewrites":[{"glob":"**","path":"/index.html"}]},"labels":{"deployment-tool":"cli-firebase"},"createTime":"2022-09-06T22:35:30.253317Z","createUser":{"email":"raphael.quinton90@gmail.com","imageUrl":"https://lh3.googleusercontent.com/a/AItbvmm_7HsSz8lAh-MRkEejq2hsh_00lQLLXJXuJ7Xp=mo"},"finalizeTime":"2022-09-06T22:35:35.271936Z","finalizeUser":{"email":"raphael.quinton90@gmail.com","imageUrl":"https://lh3.googleusercontent.com/a/AItbvmm_7HsSz8lAh-MRkEejq2hsh_00lQLLXJXuJ7Xp=mo"}},"type":"DEPLOY","releaseTime":"2022-09-06T22:35:35.822509756Z","releaseUser":{"email":"raphael.quinton90@gmail.com","imageUrl":"https://lh3.googleusercontent.com/a/AItbvmm_7HsSz8lAh-MRkEejq2hsh_00lQLLXJXuJ7Xp=mo"}}
[info] +  hosting[omegaswiftgaming]: release complete 
[info] 
[info] +  Deploy complete! 
[info] 
[info] Project Console: https://console.firebase.google.com/project/omegaswiftgaming/overview
[info] Hosting URL: https://omegaswiftgaming.web.app
[debug] [2022-09-06T22:35:42.605Z] Error: Timed out.
    at Timeout._onTimeout (C:\Users\User1\AppData\Roaming\npm\node_modules\firebase-tools\lib\utils.js:253:49)
    at listOnTimeout (node:internal/timers:564:17)
    at process.processTimers (node:internal/timers:507:7)
[error] 
[error] Error: An unexpected error has occurred.
